<?xml version="1.0" encoding="UTF-8"?>
<testng-results ignored="0" total="2" passed="2" failed="0" skipped="0">
  <reporter-output>
  </reporter-output>
  <suite started-at="2025-08-04T03:28:02 PDT" name="Default suite" finished-at="2025-08-04T03:28:34 PDT" duration-ms="31565">
    <groups>
    </groups>
    <test started-at="2025-08-04T03:28:02 PDT" name="Default test" finished-at="2025-08-04T03:28:34 PDT" duration-ms="31565">
      <class name="test.UserTests">
        <test-method is-config="true" signature="setup()[pri:0, instance:test.UserTests@5b12b668]" started-at="2025-08-04T03:28:02 PDT" name="setup" finished-at="2025-08-04T03:28:10 PDT" duration-ms="7669" status="PASS">
          <reporter-output>
          </reporter-output>
        </test-method> <!-- setup -->
        <test-method signature="testSignup()[pri:1, instance:test.UserTests@5b12b668]" started-at="2025-08-04T03:28:10 PDT" name="testSignup" finished-at="2025-08-04T03:28:17 PDT" duration-ms="6602" status="PASS">
          <reporter-output>
          </reporter-output>
        </test-method> <!-- testSignup -->
        <test-method signature="LoginPage()[pri:2, instance:test.UserTests@5b12b668]" started-at="2025-08-04T03:28:17 PDT" name="LoginPage" finished-at="2025-08-04T03:28:33 PDT" duration-ms="16579" status="PASS">
          <reporter-output>
          </reporter-output>
        </test-method> <!-- LoginPage -->
        <test-method is-config="true" signature="teardown()[pri:0, instance:test.UserTests@5b12b668]" started-at="2025-08-04T03:28:33 PDT" name="teardown" finished-at="2025-08-04T03:28:34 PDT" duration-ms="616" status="PASS">
          <reporter-output>
          </reporter-output>
        </test-method> <!-- teardown -->
      </class> <!-- test.UserTests -->
    </test> <!-- Default test -->
  </suite> <!-- Default suite -->
</testng-results>
